26212: 00:11:49.752 - ---
26212: 00:11:49.752 - Service: "Photon Socket Server" starting
26212: 00:11:49.752 - Config File: D:\Projects\Unity\MultiPlayerProjects\photon-server-plugin-sdk\deploy\bin_Win64\PhotonServer.config
26212: 00:11:49.755 - Will produce at most: 10 crash dumps
26212: 00:11:49.755 - Construction of service object complete
26212: 00:11:49.755 - Service shutting down
26212: 00:11:49.757 - Service shut down complete
30948: 00:14:19.495 - ---
30948: 00:14:19.495 - Service: "Photon Socket Server" starting
30948: 00:14:19.495 - Config File: D:\Projects\Unity\MultiPlayerProjects\photon-server-plugin-sdk\deploy\bin_Win64\PhotonServer.config
30948: 00:14:19.497 - Will produce at most: 10 crash dumps
30948: 00:14:19.497 - Construction of service object complete
30948: 00:14:19.497 - Service shutting down
30948: 00:14:19.498 - Service shut down complete
2672: 01:27:09.217 - ---
2672: 01:27:09.217 - Service: "Photon Socket Server" starting
2672: 01:27:09.217 - Config File: D:\Projects\Unity\MultiPlayerProjects\photon-server-plugin-sdk\deploy\bin_Win64\PhotonServer.config
2672: 01:27:09.218 - Will produce at most: 10 crash dumps
2672: 01:27:09.218 - Construction of service object complete
2672: 01:27:09.218 - Service shutting down
2672: 01:27:09.219 - Service shut down complete
22424: 10:41:03.608 - ---
22424: 10:41:03.608 - Service: "Photon Socket Server" starting
22424: 10:41:03.608 - Config File: D:\Projects\Unity\MultiPlayerProjects\photon-server-plugin-sdk\deploy\bin_Win64\PhotonServer.config
22424: 10:41:03.608 - Will produce at most: 10 crash dumps
22424: 10:41:03.608 - Construction of service object complete
22424: 10:41:03.608 - Service shutting down
22424: 10:41:03.608 - Service shut down complete
20904: 12:16:20.200 - ---
20904: 12:16:20.200 - Service: "Photon Socket Server" starting
20904: 12:16:20.200 - Config File: D:\Projects\Unity\MultiPlayerProjects\photon-server-plugin-sdk\deploy\bin_Win64\PhotonServer.config
20904: 12:16:20.201 - Will produce at most: 10 crash dumps
20904: 12:16:20.201 - Construction of service object complete
20904: 12:16:20.201 - Service shutting down
20904: 12:16:20.203 - Service shut down complete
40620: 12:21:13.405 - ---
40620: 12:21:13.405 - Service: "Photon Socket Server" starting
40620: 12:21:13.405 - Config File: D:\Projects\Unity\MultiPlayerProjects\photon-server-plugin-sdk\deploy\bin_Win64\PhotonServer.config
40620: 12:21:13.407 - Will produce at most: 10 crash dumps
40620: 12:21:13.407 - Construction of service object complete
40620: 12:21:13.407 - Service shutting down
40620: 12:21:13.407 - Service shut down complete
34824: 12:39:33.501 - ---
34824: 12:39:33.501 - Service: "Photon Socket Server" starting
34824: 12:39:33.501 - Config File: D:\Projects\Unity\MultiPlayerProjects\photon-server-plugin-sdk\deploy\bin_Win64\PhotonServer.config
34824: 12:39:33.502 - Will produce at most: 10 crash dumps
34824: 12:39:33.502 - Construction of service object complete
34824: 12:39:33.502 - Service shutting down
34824: 12:39:33.504 - Service shut down complete
21204: 13:35:54.496 - ---
21204: 13:35:54.496 - Service: "Photon Socket Server" starting
21204: 13:35:54.496 - Config File: D:\Projects\Unity\MultiPlayerProjects\photon-server-plugin-sdk\deploy\bin_Win64\PhotonServer.config
21204: 13:35:54.496 - Will produce at most: 10 crash dumps
21204: 13:35:54.496 - Construction of service object complete
21204: 13:35:54.496 - Service shutting down
21204: 13:35:54.496 - Service shut down complete
42216: 14:57:39.128 - ---
42216: 14:57:39.128 - Service: "Photon Socket Server" starting
42216: 14:57:39.129 - Config File: D:\Projects\Unity\MultiPlayerProjects\photon-server-plugin-sdk\deploy\bin_Win64\PhotonServer.config
42216: 14:57:39.129 - Will produce at most: 10 crash dumps
42216: 14:57:39.129 - Construction of service object complete
42216: 14:57:39.129 - Service shutting down
42216: 14:57:39.131 - Service shut down complete
48104: 17:13:08.636 - ---
48104: 17:13:08.636 - Service: "Photon Socket Server" starting
48104: 17:13:08.636 - Config File: D:\Projects\Unity\MultiPlayerProjects\photon-server-plugin-sdk\deploy\bin_Win64\PhotonServer.config
48104: 17:13:08.637 - Will produce at most: 10 crash dumps
48104: 17:13:08.637 - Construction of service object complete
48104: 17:13:08.637 - Service shutting down
48104: 17:13:08.639 - Service shut down complete
