2023-04-07 17:33:36,265 [25] DEBUG Photon.LoadBalancing.GameServer.GameApplication - CreatePeer for LoadBalancing
2023-04-07 17:33:36,266 [25] DEBUG Photon.LoadBalancing.GameServer.GameApplication - incoming game peer at 192.168.0.174:5056 from 192.168.0.19:57348
2023-04-07 17:33:36,266 [25] DEBUG Photon.LoadBalancing.GameServer.GameClientPeer - Auth Timeout Checker scheduled. authTimeout:20000 p:GameClientPeer: PID: 32, IsConnected: False, IsDisposed: False, Last Activity: Operation 0 at UTC 0001-01-01T00:00:00, in Room '', IP 192.168.0.19:57348, NetworkProtocol Udp, Protocol GpBinaryV18, JoinStage: 0 
2023-04-07 17:33:36,383 [10] DEBUG Photon.LoadBalancing.GameServer.GameClientPeer - OnOperationRequest: conId=32, opCode=230
2023-04-07 17:33:36,384 [10] DEBUG Photon.LoadBalancing.GameServer.GameClientPeer - Auth Timeout Checker stopped. authTimeout:20000 p:GameClientPeer: PID: 32, IsConnected: True, IsDisposed: False, Last Activity: Operation 230 at UTC 2023-04-07T12:03:36, in Room '', IP 192.168.0.19:57348, NetworkProtocol Udp, Protocol GpBinaryV18, JoinStage: 0 
2023-04-07 17:33:36,384 [10] DEBUG Photon.LoadBalancing.GameServer.GameClientPeer - Token Validation: checking token with GS: localhost and GameId:46babee9-0962-4b57-a3ad-2474e97d4f16
2023-04-07 17:33:36,435 [22] DEBUG Photon.LoadBalancing.GameServer.GameClientPeer - OnOperationRequest: conId=32, opCode=226
2023-04-07 17:33:36,435 [22] DEBUG Photon.Hive.HivePeer - OnOperationRequest. Code=226
2023-04-07 17:33:36,435 [22] DEBUG Photon.Hive.Caching.RoomCacheBase - Creating room instance: roomName=46babee9-0962-4b57-a3ad-2474e97d4f16
2023-04-07 17:33:36,436 [22] DEBUG Photon.Hive.Caching.RoomCacheBase - Created room instance reference: roomName=46babee9-0962-4b57-a3ad-2474e97d4f16, referenceCount=1
2023-04-07 17:33:36,436 [22] INFO  Photon.Hive.Plugin.PluginManager - Plugin successfully created:Type:ServerPlugin.ServerPluginFactory, path:D:\Unity\UFO_POKER\photon-server-plugin-sdk\deploy\Plugins/ServerPlugin//bin/ServerPlugin.dll
2023-04-07 17:33:36,436 [22] WARN  Photon.Hive.HiveHostGame - Usage of SetProperties is prohibited before calling ICrateGameCallInfo.Coninue
2023-04-07 17:33:36,436 [22] DEBUG Photon.LoadBalancing.GameServer.Game - MaxPlayer=, IsOpen=, IsVisible=, #LobbyProperties=0, #GameProperties=1
2023-04-07 17:33:36,437 [22] DEBUG Photon.LoadBalancing.GameServer.Game - UpdateGameStateOnMaster: game - '46babee9-0962-4b57-a3ad-2474e97d4f16', reinitialize:False, replication:0
2023-04-07 17:33:36,437 [22] DEBUG Photon.LoadBalancing.GameServer.GameUpdatesBatcher - Message was sent directly
2023-04-07 17:33:36,437 [22] DEBUG Photon.LoadBalancing.GameServer.MasterServerConnectionBase - Sending event to master. EventCode=3, ConnectionId=6a55cf45-837f-47ca-ae5c-69bb60905d14
2023-04-07 17:33:36,437 [22] DEBUG Photon.Hive.Plugin.CreateGameCallInfo - Continue.
2023-04-07 17:33:36,437 [22] DEBUG Photon.Hive.HiveGame - Processing Join from IP: 192.168.0.19 to port: 5056
2023-04-07 17:33:36,438 [22] DEBUG Photon.Hive.Collections.ActorsManager - Actor added: 1 33d3c200-309a-40d6-a33b-e908e562ab47 to game: 46babee9-0962-4b57-a3ad-2474e97d4f16 -- peer:GameClientPeer: PID: 32, IsConnected: True, IsDisposed: False, Last Activity: Operation 226 at UTC 2023-04-07T12:03:36, in Room '46babee9-0962-4b57-a3ad-2474e97d4f16', IP 192.168.0.19:57348, NetworkProtocol Udp, Protocol GpBinaryV18, JoinStage: 4 
2023-04-07 17:33:36,438 [22] DEBUG Photon.Hive.HiveGame - JoinApplyGameStateChanges: Actor 1 is added. MasterClientId is 1
2023-04-07 17:33:36,438 [22] DEBUG Photon.Hive.HiveGame - Created Game - name=46babee9-0962-4b57-a3ad-2474e97d4f16, lobbyName=, lobbyType=Default, maxPlayers=0, IsOpen=True, IsVisible=True, EmptyRoomLiveTime=0, PlayerTTL=0, CheckUserOnJoin=True, PublishUserId=False, ExpectedUsers=
2023-04-07 17:33:36,438 [22] DEBUG Photon.LoadBalancing.GameServer.Game - UpdateGameStateOnMasterOnCreate: game - '46babee9-0962-4b57-a3ad-2474e97d4f16'
2023-04-07 17:33:36,438 [22] DEBUG Photon.LoadBalancing.GameServer.GameUpdatesBatcher - Message was batched
2023-04-07 17:33:36,439 [22] INFO  Plugin.ServerPlugin - 

 OnCreateGame 46babee9-0962-4b57-a3ad-2474e97d4f16 by user 33d3c200-309a-40d6-a33b-e908e562ab47 - 
 Actor-1, Name: aslam   
...................

2023-04-07 17:33:36,547 [10] DEBUG Photon.LoadBalancing.GameServer.GameUpdatesBatcher - SendScheduledBatch for appId:, version:
2023-04-07 17:33:36,547 [10] DEBUG Photon.LoadBalancing.GameServer.GameUpdatesBatcher - Sending Batch for appId:, version:
2023-04-07 17:33:36,547 [10] DEBUG Photon.LoadBalancing.GameServer.MasterServerConnectionBase - Sending event to master. EventCode=12, ConnectionId=6a55cf45-837f-47ca-ae5c-69bb60905d14
2023-04-07 17:33:37,271 [11] DEBUG Photon.LoadBalancing.GameServer.MasterServerConnectionBase - Sending event to master. EventCode=2, ConnectionId=6a55cf45-837f-47ca-ae5c-69bb60905d14
2023-04-07 17:33:47,421 [39] DEBUG Photon.LoadBalancing.GameServer.GameApplication - CreatePeer for LoadBalancing
2023-04-07 17:33:47,421 [39] DEBUG Photon.LoadBalancing.GameServer.GameApplication - incoming game peer at 192.168.0.174:5056 from 192.168.0.174:61290
2023-04-07 17:33:47,421 [39] DEBUG Photon.LoadBalancing.GameServer.GameClientPeer - Auth Timeout Checker scheduled. authTimeout:20000 p:GameClientPeer: PID: 34, IsConnected: False, IsDisposed: False, Last Activity: Operation 0 at UTC 0001-01-01T00:00:00, in Room '', IP 192.168.0.174:61290, NetworkProtocol Udp, Protocol GpBinaryV18, JoinStage: 0 
2023-04-07 17:33:47,479 [10] DEBUG Photon.LoadBalancing.GameServer.GameClientPeer - OnOperationRequest: conId=34, opCode=230
2023-04-07 17:33:47,480 [10] DEBUG Photon.LoadBalancing.GameServer.GameClientPeer - Auth Timeout Checker stopped. authTimeout:20000 p:GameClientPeer: PID: 34, IsConnected: True, IsDisposed: False, Last Activity: Operation 230 at UTC 2023-04-07T12:03:47, in Room '', IP 192.168.0.174:61290, NetworkProtocol Udp, Protocol GpBinaryV18, JoinStage: 0 
2023-04-07 17:33:47,480 [10] DEBUG Photon.LoadBalancing.GameServer.GameClientPeer - Token Validation: checking token with GS: localhost and GameId:46babee9-0962-4b57-a3ad-2474e97d4f16
2023-04-07 17:33:47,514 [22] DEBUG Photon.LoadBalancing.GameServer.GameClientPeer - OnOperationRequest: conId=34, opCode=226
2023-04-07 17:33:47,514 [22] DEBUG Photon.Hive.HivePeer - OnOperationRequest. Code=226
2023-04-07 17:33:47,515 [22] DEBUG Photon.Hive.Caching.RoomCacheBase - Created room instance reference: roomName=46babee9-0962-4b57-a3ad-2474e97d4f16, referenceCount=2
2023-04-07 17:33:47,515 [22] DEBUG Photon.Hive.Plugin.BeforeJoinGameCallInfo - Continue.
2023-04-07 17:33:47,515 [22] DEBUG Photon.Hive.Collections.ActorsManager - Actor added: 2 8c68dd74-b38c-495c-aaeb-f4c468a5c062 to game: 46babee9-0962-4b57-a3ad-2474e97d4f16 -- peer:GameClientPeer: PID: 34, IsConnected: True, IsDisposed: False, Last Activity: Operation 226 at UTC 2023-04-07T12:03:47, in Room '46babee9-0962-4b57-a3ad-2474e97d4f16', IP 192.168.0.174:61290, NetworkProtocol Udp, Protocol GpBinaryV18, JoinStage: 4 
2023-04-07 17:33:47,515 [22] DEBUG Photon.Hive.HiveGame - JoinApplyGameStateChanges: Actor 2 is added. MasterClientId is 1
2023-04-07 17:33:47,515 [22] DEBUG Photon.Hive.Plugin.JoinGameCallInfo - Continue.
2023-04-07 17:33:47,516 [22] DEBUG Photon.LoadBalancing.GameServer.GameUpdatesBatcher - Message was sent directly
2023-04-07 17:33:47,516 [22] DEBUG Photon.LoadBalancing.GameServer.MasterServerConnectionBase - Sending event to master. EventCode=3, ConnectionId=6a55cf45-837f-47ca-ae5c-69bb60905d14
2023-04-07 17:33:47,516 [22] INFO  Plugin.ServerPlugin - 

 Player Joined in 46babee9-0962-4b57-a3ad-2474e97d4f16 - user 8c68dd74-b38c-495c-aaeb-f4c468a5c062 
...................

2023-04-07 17:33:47,516 [22] INFO  Plugin.ServerPlugin - 

 Player BeforeJoin CALLED in 46babee9-0962-4b57-a3ad-2474e97d4f16 - user 8c68dd74-b38c-495c-aaeb-f4c468a5c062 
...................

2023-04-07 17:33:48,437 [11] DEBUG Photon.LoadBalancing.GameServer.MasterServerConnectionBase - Sending event to master. EventCode=2, ConnectionId=6a55cf45-837f-47ca-ae5c-69bb60905d14
2023-04-07 17:33:49,841 [21] DEBUG Photon.LoadBalancing.GameServer.GameApplication - CreatePeer for LoadBalancing
2023-04-07 17:33:49,841 [21] DEBUG Photon.LoadBalancing.GameServer.GameApplication - incoming game peer at 192.168.0.174:5056 from 192.168.0.174:61291
2023-04-07 17:33:49,842 [21] DEBUG Photon.LoadBalancing.GameServer.GameClientPeer - Auth Timeout Checker scheduled. authTimeout:20000 p:GameClientPeer: PID: 35, IsConnected: False, IsDisposed: False, Last Activity: Operation 0 at UTC 0001-01-01T00:00:00, in Room '', IP 192.168.0.174:61291, NetworkProtocol Udp, Protocol GpBinaryV18, JoinStage: 0 
2023-04-07 17:33:49,935 [10] DEBUG Photon.LoadBalancing.GameServer.GameClientPeer - OnOperationRequest: conId=35, opCode=230
2023-04-07 17:33:49,936 [10] DEBUG Photon.LoadBalancing.GameServer.GameClientPeer - Auth Timeout Checker stopped. authTimeout:20000 p:GameClientPeer: PID: 35, IsConnected: True, IsDisposed: False, Last Activity: Operation 230 at UTC 2023-04-07T12:03:49, in Room '', IP 192.168.0.174:61291, NetworkProtocol Udp, Protocol GpBinaryV18, JoinStage: 0 
2023-04-07 17:33:49,936 [10] DEBUG Photon.LoadBalancing.GameServer.GameClientPeer - Token Validation: checking token with GS: localhost and GameId:46babee9-0962-4b57-a3ad-2474e97d4f16
2023-04-07 17:33:49,959 [21] DEBUG Photon.LoadBalancing.GameServer.GameClientPeer - OnOperationRequest: conId=35, opCode=226
2023-04-07 17:33:49,960 [21] DEBUG Photon.Hive.HivePeer - OnOperationRequest. Code=226
2023-04-07 17:33:49,960 [21] DEBUG Photon.Hive.Caching.RoomCacheBase - Created room instance reference: roomName=46babee9-0962-4b57-a3ad-2474e97d4f16, referenceCount=3
2023-04-07 17:33:49,960 [21] DEBUG Photon.Hive.Plugin.BeforeJoinGameCallInfo - Continue.
2023-04-07 17:33:49,961 [21] DEBUG Photon.Hive.Collections.ActorsManager - Actor added: 3 a8f194a4-8e54-4a82-9537-d54997346759 to game: 46babee9-0962-4b57-a3ad-2474e97d4f16 -- peer:GameClientPeer: PID: 35, IsConnected: True, IsDisposed: False, Last Activity: Operation 226 at UTC 2023-04-07T12:03:49, in Room '46babee9-0962-4b57-a3ad-2474e97d4f16', IP 192.168.0.174:61291, NetworkProtocol Udp, Protocol GpBinaryV18, JoinStage: 4 
2023-04-07 17:33:49,961 [21] DEBUG Photon.Hive.HiveGame - JoinApplyGameStateChanges: Actor 3 is added. MasterClientId is 1
2023-04-07 17:33:49,961 [21] DEBUG Photon.Hive.Plugin.JoinGameCallInfo - Continue.
2023-04-07 17:33:49,962 [21] DEBUG Photon.LoadBalancing.GameServer.GameUpdatesBatcher - Message was sent directly
2023-04-07 17:33:49,962 [21] DEBUG Photon.LoadBalancing.GameServer.MasterServerConnectionBase - Sending event to master. EventCode=3, ConnectionId=6a55cf45-837f-47ca-ae5c-69bb60905d14
2023-04-07 17:33:49,962 [21] INFO  Plugin.ServerPlugin - 

 Player Joined in 46babee9-0962-4b57-a3ad-2474e97d4f16 - user a8f194a4-8e54-4a82-9537-d54997346759 
...................

2023-04-07 17:33:49,963 [21] INFO  Plugin.ServerPlugin - 

 Player BeforeJoin CALLED in 46babee9-0962-4b57-a3ad-2474e97d4f16 - user a8f194a4-8e54-4a82-9537-d54997346759 
...................

2023-04-07 17:33:50,852 [21] DEBUG Photon.LoadBalancing.GameServer.MasterServerConnectionBase - Sending event to master. EventCode=2, ConnectionId=6a55cf45-837f-47ca-ae5c-69bb60905d14
2023-04-07 17:33:57,533 [22] INFO  Plugin.ServerPlugin - 
 PokerRound Started 0  

2023-04-07 17:33:57,533 [22] INFO  Plugin.ServerPlugin - 
 Table Cards [CLUBS, 8], [SPADES, 6], [SPADES, 12], [DIAMONDS, 5], [SPADES, 4], ,   

2023-04-07 17:33:57,533 [22] INFO  Plugin.ServerPlugin - 
 ActorPlayer 1 Cards: [DIAMONDS, 9], [DIAMONDS, 1]   

2023-04-07 17:33:57,534 [22] INFO  Plugin.ServerPlugin - 
 ActorPlayer 2 Cards: [SPADES, 7], [HEARTS, 12]   

2023-04-07 17:33:57,534 [22] INFO  Plugin.ServerPlugin - 
 ActorPlayer 3 Cards: [DIAMONDS, 11], [HEARTS, 5]   

2023-04-07 17:33:58,988 [22] DEBUG Photon.LoadBalancing.GameServer.GameClientPeer - OnOperationRequest: conId=32, opCode=252
2023-04-07 17:33:58,988 [22] DEBUG Photon.Hive.HivePeer - OnOperationRequest. Code=252
2023-04-07 17:33:58,989 [22] DEBUG Photon.Hive.Plugin.BeforeSetPropertiesCallInfo - Continue.
2023-04-07 17:33:58,989 [22] DEBUG Photon.Hive.Plugin.SetPropertiesCallInfo - Continue.
2023-04-07 17:33:58,989 [22] DEBUG Photon.LoadBalancing.GameServer.Game - MaxPlayer=3, IsOpen=, IsVisible=, #LobbyProperties=0, #GameProperties=0
2023-04-07 17:33:58,989 [22] DEBUG Photon.LoadBalancing.GameServer.Game - UpdateGameStateOnMaster: game - '46babee9-0962-4b57-a3ad-2474e97d4f16', reinitialize:False, replication:0
2023-04-07 17:33:58,990 [22] DEBUG Photon.LoadBalancing.GameServer.GameUpdatesBatcher - Message was sent directly
2023-04-07 17:33:58,990 [22] DEBUG Photon.LoadBalancing.GameServer.MasterServerConnectionBase - Sending event to master. EventCode=3, ConnectionId=6a55cf45-837f-47ca-ae5c-69bb60905d14
2023-04-07 17:33:59,965 [11] INFO  Plugin.ServerPlugin - 
 PokerRound Started 1  

2023-04-07 17:33:59,965 [11] INFO  Plugin.ServerPlugin - 
 Table Cards [DIAMONDS, 10], [CLUBS, 10], [DIAMONDS, 7], [HEARTS, 12], [SPADES, 1], ,   

2023-04-07 17:33:59,965 [11] INFO  Plugin.ServerPlugin - 
 ActorPlayer 1 Cards: [HEARTS, 11], [HEARTS, 5]   

2023-04-07 17:33:59,966 [11] INFO  Plugin.ServerPlugin - 
 ActorPlayer 2 Cards: [DIAMONDS, 8], [SPADES, 7]   

2023-04-07 17:33:59,966 [11] INFO  Plugin.ServerPlugin - 
 ActorPlayer 3 Cards: [DIAMONDS, 2], [SPADES, 13]   

2023-04-07 17:34:15,239 [25] DEBUG Photon.Hive.HivePeer - OnOperationRequest. Code=253
2023-04-07 17:34:15,240 [25] DEBUG Photon.Hive.HiveHostGame - Broadcasting: Got RaiseEvent from 1/'33d3c200-309a-40d6-a33b-e908e562ab47', targetActors=-1, Group=0, ReceiverGroup=0
2023-04-07 17:34:15,240 [25] INFO  Plugin.ServerPlugin - 
 Check called by Actor 1 - aslam  -CHECK, CurrentPLayerActor 2 
....
 RoundPlayercount:- ..

2023-04-07 17:34:15,240 [25] ERROR Photon.Hive.HiveGame.HiveHostGame.Plugin - MissingCallProcessing for type:Photon.Hive.Plugin.RaiseEventCallInfo in Plugin:'Name:ServerPlugin, Version:1.0 AppId:6DF1-C931-6CF2-EBDB-F77B-5CE8, AppVersion:'.
2023-04-07 17:34:15,240 [25] DEBUG Photon.Hive.Plugin.RaiseEventCallInfo - Fail: none of Photon.Hive.Plugin.RaiseEventCallInfo's method were called
2023-04-07 17:34:46,837 [10] INFO  Photon.Common.LoadBalancer.LoadShedding.FeedbackController - Transit CpuUsage from Level3 to Level4 with input 41
2023-04-07 17:34:46,837 [10] INFO  Photon.Common.LoadBalancer.LoadShedding.WorkloadController - FeedbackLevel changed: old=Level3, new=Level4
2023-04-07 17:35:29,920 [24] DEBUG Photon.Hive.HivePeer - OnOperationRequest. Code=253
2023-04-07 17:35:29,921 [24] DEBUG Photon.Hive.HiveHostGame - Broadcasting: Got RaiseEvent from 1/'33d3c200-309a-40d6-a33b-e908e562ab47', targetActors=-1, Group=0, ReceiverGroup=0
2023-04-07 17:35:29,921 [24] INFO  Plugin.ServerPlugin - 
 Check called by Actor 1 - aslam  -CHECK, CurrentPLayerActor 2 
....
 RoundPlayercount:- ..

2023-04-07 17:35:29,921 [24] ERROR Photon.Hive.HiveGame.HiveHostGame.Plugin - MissingCallProcessing for type:Photon.Hive.Plugin.RaiseEventCallInfo in Plugin:'Name:ServerPlugin, Version:1.0 AppId:6DF1-C931-6CF2-EBDB-F77B-5CE8, AppVersion:'.
2023-04-07 17:35:29,921 [24] DEBUG Photon.Hive.Plugin.RaiseEventCallInfo - Fail: none of Photon.Hive.Plugin.RaiseEventCallInfo's method were called
2023-04-07 17:36:50,188 [11] INFO  Photon.Common.LoadBalancer.LoadShedding.FeedbackController - Transit CpuUsage from Level4 to Level5 with input 51
2023-04-07 17:36:50,189 [11] INFO  Photon.Common.LoadBalancer.LoadShedding.WorkloadController - FeedbackLevel changed: old=Level4, new=Level5
2023-04-07 17:39:29,728 [23] DEBUG Photon.LoadBalancing.GameServer.GameClientPeer - Auth Timeout Checker stopped. authTimeout:20000 p:GameClientPeer: PID: 32, IsConnected: False, IsDisposed: False, Last Activity: Operation 253 at UTC 2023-04-07T12:05:29, in Room '46babee9-0962-4b57-a3ad-2474e97d4f16', IP 192.168.0.19:57348, NetworkProtocol Udp, Protocol GpBinaryV18, JoinStage: 12 
2023-04-07 17:39:29,728 [23] DEBUG Photon.Hive.HivePeer - OnDisconnect: conId=32, reason=4, reasonDetail=
Sent: 1746828 now: 1776156 (diff: 29328 + new rtt timeout: 3200 >= max: 30000) since last touch: 30360
Disc: Seq: 236 CH: 255 RTT: 63 VAR: 24 Now: 1776156 Sent: 1746828 Diff: 29328 Resends: 11
Resend: Seq: 236 CH: 255 RTT: 63 VAR: 24 Now: 1772906 Timeout: 3200 Resend: 10
Resend: Seq: 236 CH: 255 RTT: 63 VAR: 24 Now: 1769656 Timeout: 3200 Resend: 9
Resend: Seq: 236 CH: 255 RTT: 63 VAR: 24 Now: 1766390 Timeout: 3200 Resend: 8
Resend: Seq: 236 CH: 255 RTT: 63 VAR: 24 Now: 1763125 Timeout: 3200 Resend: 7
Resend: Seq: 236 CH: 255 RTT: 63 VAR: 24 Now: 1759875 Timeout: 3200 Resend: 6
Resend: Seq: 236 CH: 255 RTT: 63 VAR: 24 Now: 1756625 Timeout: 3200 Resend: 5
Resend: Seq: 236 CH: 255 RTT: 63 VAR: 24 Now: 1753375 Timeout: 3200 Resend: 4
Resend: Seq: 236 CH: 255 RTT: 63 VAR: 24 Now: 1750093 Timeout: 3200 Resend: 3
Resend: Seq: 236 CH: 255 RTT: 63 VAR: 24 Now: 1748343 Timeout: 1600 Resend: 2
Resend: Seq: 236 CH: 255 RTT: 63 VAR: 24 Now: 1747468 Timeout: 800 Resend: 1
Resend: Seq: 236 CH: 255 RTT: 63 VAR: 24 Now: 1747046 Timeout: 400 Resend: 0
   ACK: Seq: 235 CH: 255 RTT: 63 VAR: 24 Now: 1745796 Sent: 1745718 Diff: 78
   ACK: Seq: 234 CH: 255 RTT: 61 VAR: 28 Now: 1744703 Sent: 1744687 Diff: 16
   ACK: Seq: 233 CH: 255 RTT: 67 VAR: 22 Now: 1743671 Sent: 1743625 Diff: 46
   ACK: Seq: 232 CH: 255 RTT: 69 VAR: 22 Now: 1742609 Sent: 1742531 Diff: 78
   ACK: Seq: 231 CH: 255 RTT: 68 VAR: 26 Now: 1741515 Sent: 1741453 Diff: 62
   ACK: Seq: 230 CH: 255 RTT: 68 VAR: 33 Now: 1739437 Sent: 1739390 Diff: 47
   ACK: Seq: 229 CH: 255 RTT: 70 VAR: 37 Now: 1738375 Sent: 1738375 Diff: 0
   ACK: Seq: 228 CH: 255 RTT: 80 VAR: 26 Now: 1737359 Sent: 1737281 Diff: 78
   ACK: Seq: 227 CH: 255 RTT: 80 VAR: 34 Now: 1736265 Sent: 1736156 Diff: 109
   ACK: Seq: 226 CH: 255 RTT: 76 VAR: 35 Now: 1735140 Sent: 1735109 Diff: 31
   ACK: Seq: 225 CH: 255 RTT: 82 VAR: 31 Now: 1734093 Sent: 1734015 Diff: 78
   ACK: Seq: 224 CH: 255 RTT: 82 VAR: 39 Now: 1733000 Sent: 1732890 Diff: 110
   ACK: Seq: 223 CH: 255 RTT: 78 VAR: 42 Now: 1731875 Sent: 1731859 Diff: 16
   ACK: Seq: 222 CH: 255 RTT: 86 VAR: 35 Now: 1730828 Sent: 1730750 Diff: 78
   ACK: Seq: 221 CH: 255 RTT: 87 VAR: 43 Now: 1729734 Sent: 1729671 Diff: 63
   ACK: Seq: 220 CH: 255 RTT: 90 VAR: 49 Now: 1727656 Sent: 1727578 Diff: 78
   ACK: Seq: 219 CH: 255 RTT: 91 VAR: 61 Now: 1726562 Sent: 1726515 Diff: 47
   ACK: Seq: 218 CH: 255 RTT: 97 VAR: 66 Now: 1725500 Sent: 1725468 Diff: 32
   ACK: Seq: 217 CH: 255 RTT: 106 VAR: 66 Now: 1724453 Sent: 1724390 Diff: 63
   ACK: Seq: 216 CH: 255 RTT: 112 VAR: 74 Now: 1723390 Sent: 1723218 Diff: 172
   ACK: Seq: 216 CH: 255 RTT: 104 VAR: 78 Now: 1723375 Sent: 1723015 Diff: 360
Resend: Seq: 216 CH: 255 RTT: 68 VAR: 18 Now: 1723218 Timeout: 400 Resend: 0
   ACK: Seq: 215 CH: 255 RTT: 68 VAR: 18 Now: 1722000 Sent: 1721906 Diff: 94
   ACK: Seq: 214 CH: 255 RTT: 65 VAR: 15 Now: 1720875 Sent: 1720828 Diff: 47
   ACK: Seq: 213 CH: 255 RTT: 67 VAR: 14 Now: 1719796 Sent: 1719718 Diff: 78
   ACK: Seq: 212 CH: 255 RTT: 66 VAR: 16 Now: 1718703 Sent: 1718656 Diff: 47
   ACK: Seq: 211 CH: 255 RTT: 68 VAR: 15 Now: 1717640 Sent: 1717578 Diff: 62
   ACK: Seq: 210 CH: 255 RTT: 68 VAR: 18 Now: 1716562 Sent: 1716500 Diff: 62
   ACK: Seq: 209 CH: 255 RTT: 68 VAR: 22 Now: 1714484 Sent: 1714375 Diff: 109
   ACK: Seq: 208 CH: 255 RTT: 63 VAR: 15 Now: 1713359 Sent: 1713312 Diff: 47
   ACK: Seq: 207 CH: 255 RTT: 65 VAR: 14 Now: 1712296 Sent: 1712218 Diff: 78
   ACK: Seq: 206 CH: 255 RTT: 64 VAR: 14 Now: 1711203 Sent: 1711140 Diff: 63
   ACK: Seq: 205 CH: 255 RTT: 64 VAR: 18 Now: 1710125 Sent: 1710046 Diff: 79
   ACK: Seq: 204 CH: 255 RTT: 62 VAR: 19 Now: 1708015 Sent: 1707968 Diff: 47
   ACK: Seq: 203 CH: 255 RTT: 64 VAR: 21 Now: 1706953 Sent: 1706875 Diff: 78
   ACK: Seq: 202 CH: 255 RTT: 63 VAR: 24 Now: 1705859 Sent: 1705765 Diff: 94
   ACK: Seq: 201 CH: 255 RTT: 59 VAR: 22 Now: 1704750 Sent: 1704703 Diff: 47
   ACK: Seq: 200 CH: 255 RTT: 60 VAR: 25 Now: 1703687 Sent: 1703609 Diff: 78
2023-04-07 17:39:29,729 [23] DEBUG Photon.Hive.HivePeer - RemovePeerFromCurrentRoom: Removing peer from room. p:GameClientPeer: PID: 32, IsConnected: False, IsDisposed: False, Last Activity: Operation 253 at UTC 2023-04-07T12:05:29, in Room '46babee9-0962-4b57-a3ad-2474e97d4f16', IP 192.168.0.19:57348, NetworkProtocol Udp, Protocol GpBinaryV18, JoinStage: 12 
2023-04-07 17:39:29,729 [23] DEBUG Photon.Hive.Caching.RoomCacheBase - Removed room instance reference: roomName=46babee9-0962-4b57-a3ad-2474e97d4f16, referenceCount=2
2023-04-07 17:39:29,729 [25] DEBUG Photon.Hive.HiveGame - ProcessMessage 1
2023-04-07 17:39:29,730 [25] DEBUG Photon.Hive.Plugin.LeaveGameCallInfo - Continue.
2023-04-07 17:39:29,730 [25] DEBUG Photon.Hive.HiveGame - Clean up actor Actor: 1; Peer:'GameClientPeer: PID: 32, IsConnected: False, IsDisposed: True, Last Activity: Operation 253 at UTC 2023-04-07T12:05:29, in Room '', IP 192.168.0.19:57348, NetworkProtocol Udp, Protocol GpBinaryV18, JoinStage: 12 ', DeactivationTime:'', UserId:'33d3c200-309a-40d6-a33b-e908e562ab47',nick:'aslam ', RemovedFromInactive:01-01-0001 00:00:00 - DeleteCacheOnLeave:
2023-04-07 17:39:29,730 [25] DEBUG Photon.Hive.HiveGame - Actor 1 left. MasterClientId is 2
2023-04-07 17:39:29,730 [25] DEBUG Photon.LoadBalancing.GameServer.GameUpdatesBatcher - Message was sent directly
2023-04-07 17:39:29,730 [25] DEBUG Photon.LoadBalancing.GameServer.MasterServerConnectionBase - Sending event to master. EventCode=3, ConnectionId=6a55cf45-837f-47ca-ae5c-69bb60905d14
2023-04-07 17:39:29,731 [25] DEBUG Photon.Hive.Collections.ActorsManager - Actor removed: 1 33d3c200-309a-40d6-a33b-e908e562ab47 to game: 46babee9-0962-4b57-a3ad-2474e97d4f16 -- peer:GameClientPeer: PID: 32, IsConnected: False, IsDisposed: True, Last Activity: Operation 253 at UTC 2023-04-07T12:05:29, in Room '', IP 192.168.0.19:57348, NetworkProtocol Udp, Protocol GpBinaryV18, JoinStage: 12 
2023-04-07 17:39:30,740 [11] DEBUG Photon.LoadBalancing.GameServer.MasterServerConnectionBase - Sending event to master. EventCode=2, ConnectionId=6a55cf45-837f-47ca-ae5c-69bb60905d14
2023-04-07 17:39:34,113 [25] INFO  Photon.Common.LoadBalancer.LoadShedding.FeedbackController - Transit CpuUsage from Level5 to Level6 with input 61
2023-04-07 17:39:34,114 [25] INFO  Photon.Common.LoadBalancer.LoadShedding.WorkloadController - FeedbackLevel changed: old=Level5, new=Level6
2023-04-07 17:39:55,303 [20] INFO  Photon.Common.LoadBalancer.LoadShedding.FeedbackController - Transit CpuUsage from Level6 to Level5 with input 57
2023-04-07 17:39:55,303 [20] INFO  Photon.Common.LoadBalancer.LoadShedding.WorkloadController - FeedbackLevel changed: old=Level6, new=Level5
2023-04-07 17:41:04,077 [25] INFO  Photon.Common.LoadBalancer.LoadShedding.FeedbackController - Transit CpuUsage from Level5 to Level4 with input 48
2023-04-07 17:41:04,078 [25] INFO  Photon.Common.LoadBalancer.LoadShedding.WorkloadController - FeedbackLevel changed: old=Level5, new=Level4
2023-04-07 18:00:39,279 [11] INFO  Photon.Common.LoadBalancer.LoadShedding.FeedbackController - Transit CpuUsage from Level4 to Level5 with input 51
2023-04-07 18:00:39,280 [11] INFO  Photon.Common.LoadBalancer.LoadShedding.WorkloadController - FeedbackLevel changed: old=Level4, new=Level5
2023-04-07 18:09:11,143 [39] INFO  Photon.Common.LoadBalancer.LoadShedding.FeedbackController - Transit CpuUsage from Level5 to Level4 with input 48
2023-04-07 18:09:11,143 [39] INFO  Photon.Common.LoadBalancer.LoadShedding.WorkloadController - FeedbackLevel changed: old=Level5, new=Level4
2023-04-07 18:14:24,732 [20] INFO  Photon.Common.LoadBalancer.LoadShedding.FeedbackController - Transit CpuUsage from Level4 to Level5 with input 51
2023-04-07 18:14:24,733 [20] INFO  Photon.Common.LoadBalancer.LoadShedding.WorkloadController - FeedbackLevel changed: old=Level4, new=Level5
2023-04-07 18:51:22,771 [10] INFO  Photon.Common.LoadBalancer.LoadShedding.FeedbackController - Transit CpuUsage from Level5 to Level4 with input 48
2023-04-07 18:51:22,772 [10] INFO  Photon.Common.LoadBalancer.LoadShedding.WorkloadController - FeedbackLevel changed: old=Level5, new=Level4
2023-04-07 18:52:13,355 [10] INFO  Photon.Common.LoadBalancer.LoadShedding.FeedbackController - Transit CpuUsage from Level4 to Level5 with input 51
2023-04-07 18:52:13,356 [10] INFO  Photon.Common.LoadBalancer.LoadShedding.WorkloadController - FeedbackLevel changed: old=Level4, new=Level5
2023-04-07 18:59:03,871 [22] INFO  Photon.Common.LoadBalancer.LoadShedding.FeedbackController - Transit CpuUsage from Level5 to Level4 with input 48
2023-04-07 18:59:03,872 [22] INFO  Photon.Common.LoadBalancer.LoadShedding.WorkloadController - FeedbackLevel changed: old=Level5, new=Level4
2023-04-07 19:03:17,733 [39] INFO  Photon.Common.LoadBalancer.LoadShedding.FeedbackController - Transit CpuUsage from Level4 to Level5 with input 51
2023-04-07 19:03:17,734 [39] INFO  Photon.Common.LoadBalancer.LoadShedding.WorkloadController - FeedbackLevel changed: old=Level4, new=Level5
2023-04-07 19:12:40,238 [20] INFO  Photon.Common.LoadBalancer.LoadShedding.FeedbackController - Transit CpuUsage from Level5 to Level4 with input 48
2023-04-07 19:12:40,239 [20] INFO  Photon.Common.LoadBalancer.LoadShedding.WorkloadController - FeedbackLevel changed: old=Level5, new=Level4
2023-04-07 19:14:44,622 [39] INFO  Photon.Common.LoadBalancer.LoadShedding.FeedbackController - Transit CpuUsage from Level4 to Level5 with input 51
2023-04-07 19:14:44,622 [39] INFO  Photon.Common.LoadBalancer.LoadShedding.WorkloadController - FeedbackLevel changed: old=Level4, new=Level5
2023-04-07 19:19:45,926 [11] INFO  Photon.Common.LoadBalancer.LoadShedding.FeedbackController - Transit CpuUsage from Level5 to Level4 with input 48
2023-04-07 19:19:45,927 [11] INFO  Photon.Common.LoadBalancer.LoadShedding.WorkloadController - FeedbackLevel changed: old=Level5, new=Level4
2023-04-07 19:20:05,202 [44] DEBUG Photon.LoadBalancing.GameServer.GameClientPeer - Auth Timeout Checker stopped. authTimeout:20000 p:GameClientPeer: PID: 34, IsConnected: False, IsDisposed: False, Last Activity: Operation 226 at UTC 2023-04-07T12:03:47, in Room '46babee9-0962-4b57-a3ad-2474e97d4f16', IP 192.168.0.174:61290, NetworkProtocol Udp, Protocol GpBinaryV18, JoinStage: 12 
2023-04-07 19:20:05,202 [44] DEBUG Photon.Hive.HivePeer - OnDisconnect: conId=34, reason=4, reasonDetail=
Sent: 7782062 now: 7811531 (diff: 29469 + new rtt timeout: 3200 >= max: 30000) since last touch: 30485
Disc: Seq: 5729 CH: 255 RTT: 23 VAR: 20 Now: 7811531 Sent: 7782062 Diff: 29469 Resends: 11
Resend: Seq: 5729 CH: 255 RTT: 23 VAR: 20 Now: 7808265 Timeout: 3200 Resend: 10
Resend: Seq: 5729 CH: 255 RTT: 23 VAR: 20 Now: 7804984 Timeout: 3200 Resend: 9
Resend: Seq: 5729 CH: 255 RTT: 23 VAR: 20 Now: 7801734 Timeout: 3200 Resend: 8
Resend: Seq: 5729 CH: 255 RTT: 23 VAR: 20 Now: 7798468 Timeout: 3200 Resend: 7
Resend: Seq: 5729 CH: 255 RTT: 23 VAR: 20 Now: 7795187 Timeout: 3200 Resend: 6
Resend: Seq: 5729 CH: 255 RTT: 23 VAR: 20 Now: 7791906 Timeout: 3200 Resend: 5
Resend: Seq: 5729 CH: 255 RTT: 23 VAR: 20 Now: 7788671 Timeout: 3200 Resend: 4
Resend: Seq: 5729 CH: 255 RTT: 23 VAR: 20 Now: 7785375 Timeout: 3200 Resend: 3
Resend: Seq: 5729 CH: 255 RTT: 23 VAR: 20 Now: 7783593 Timeout: 1600 Resend: 2
Resend: Seq: 5729 CH: 255 RTT: 23 VAR: 20 Now: 7782687 Timeout: 800 Resend: 1
Resend: Seq: 5729 CH: 255 RTT: 23 VAR: 20 Now: 7782281 Timeout: 400 Resend: 0
   ACK: Seq: 5728 CH: 255 RTT: 23 VAR: 20 Now: 7781015 Sent: 7781015 Diff: 0
   ACK: Seq: 5727 CH: 255 RTT: 26 VAR: 19 Now: 7779968 Sent: 7779890 Diff: 78
   ACK: Seq: 5726 CH: 255 RTT: 19 VAR: 8 Now: 7778859 Sent: 7778828 Diff: 31
   ACK: Seq: 5725 CH: 255 RTT: 18 VAR: 6 Now: 7777812 Sent: 7777796 Diff: 16
   ACK: Seq: 5724 CH: 255 RTT: 18 VAR: 7 Now: 7776781 Sent: 7776750 Diff: 31
   ACK: Seq: 5723 CH: 255 RTT: 17 VAR: 5 Now: 7775734 Sent: 7775718 Diff: 16
   ACK: Seq: 5722 CH: 255 RTT: 17 VAR: 6 Now: 7774687 Sent: 7774671 Diff: 16
   ACK: Seq: 5721 CH: 255 RTT: 17 VAR: 8 Now: 7773625 Sent: 7773609 Diff: 16
   ACK: Seq: 5720 CH: 255 RTT: 17 VAR: 10 Now: 7772546 Sent: 7772546 Diff: 0
   ACK: Seq: 5719 CH: 255 RTT: 19 VAR: 8 Now: 7770500 Sent: 7770484 Diff: 16
   ACK: Seq: 5718 CH: 255 RTT: 19 VAR: 10 Now: 7769468 Sent: 7769437 Diff: 31
   ACK: Seq: 5717 CH: 255 RTT: 18 VAR: 9 Now: 7768390 Sent: 7768375 Diff: 15
   ACK: Seq: 5716 CH: 255 RTT: 18 VAR: 12 Now: 7767359 Sent: 7767328 Diff: 31
   ACK: Seq: 5715 CH: 255 RTT: 17 VAR: 11 Now: 7765281 Sent: 7765250 Diff: 31
   ACK: Seq: 5714 CH: 255 RTT: 15 VAR: 10 Now: 7764234 Sent: 7764203 Diff: 31
   ACK: Seq: 5713 CH: 255 RTT: 13 VAR: 8 Now: 7762171 Sent: 7762156 Diff: 15
   ACK: Seq: 5712 CH: 255 RTT: 13 VAR: 10 Now: 7761140 Sent: 7761109 Diff: 31
   ACK: Seq: 5711 CH: 255 RTT: 11 VAR: 7 Now: 7760062 Sent: 7760062 Diff: 0
   ACK: Seq: 5710 CH: 255 RTT: 12 VAR: 6 Now: 7759046 Sent: 7759031 Diff: 15
   ACK: Seq: 5709 CH: 255 RTT: 12 VAR: 8 Now: 7757968 Sent: 7757968 Diff: 0
   ACK: Seq: 5708 CH: 255 RTT: 13 VAR: 6 Now: 7756953 Sent: 7756953 Diff: 0
   ACK: Seq: 5707 CH: 255 RTT: 14 VAR: 4 Now: 7755937 Sent: 7755921 Diff: 16
   ACK: Seq: 5706 CH: 255 RTT: 14 VAR: 5 Now: 7754890 Sent: 7754875 Diff: 15
   ACK: Seq: 5705 CH: 255 RTT: 14 VAR: 6 Now: 7753843 Sent: 7753828 Diff: 15
   ACK: Seq: 5704 CH: 255 RTT: 14 VAR: 8 Now: 7752812 Sent: 7752812 Diff: 0
   ACK: Seq: 5703 CH: 255 RTT: 15 VAR: 6 Now: 7751796 Sent: 7751781 Diff: 15
   ACK: Seq: 5702 CH: 255 RTT: 15 VAR: 7 Now: 7750765 Sent: 7750750 Diff: 15
   ACK: Seq: 5701 CH: 255 RTT: 15 VAR: 9 Now: 7749718 Sent: 7749703 Diff: 15
   ACK: Seq: 5700 CH: 255 RTT: 15 VAR: 11 Now: 7748687 Sent: 7748687 Diff: 0
   ACK: Seq: 5699 CH: 255 RTT: 17 VAR: 10 Now: 7747671 Sent: 7747656 Diff: 15
   ACK: Seq: 5698 CH: 255 RTT: 17 VAR: 13 Now: 7746609 Sent: 7746609 Diff: 0
   ACK: Seq: 5697 CH: 255 RTT: 19 VAR: 12 Now: 7745546 Sent: 7745546 Diff: 0
   ACK: Seq: 5696 CH: 255 RTT: 21 VAR: 10 Now: 7744531 Sent: 7744500 Diff: 31
   ACK: Seq: 5695 CH: 255 RTT: 20 VAR: 10 Now: 7743484 Sent: 7743468 Diff: 16
   ACK: Seq: 5694 CH: 255 RTT: 20 VAR: 11 Now: 7742453 Sent: 7742421 Diff: 32
   ACK: Seq: 5693 CH: 255 RTT: 19 VAR: 10 Now: 7739375 Sent: 7739359 Diff: 16
   ACK: Seq: 5692 CH: 255 RTT: 19 VAR: 13 Now: 7738312 Sent: 7738312 Diff: 0
   ACK: Seq: 5691 CH: 255 RTT: 21 VAR: 11 Now: 7737296 Sent: 7737265 Diff: 31
2023-04-07 19:20:05,203 [44] DEBUG Photon.Hive.HivePeer - RemovePeerFromCurrentRoom: Removing peer from room. p:GameClientPeer: PID: 34, IsConnected: False, IsDisposed: False, Last Activity: Operation 226 at UTC 2023-04-07T12:03:47, in Room '46babee9-0962-4b57-a3ad-2474e97d4f16', IP 192.168.0.174:61290, NetworkProtocol Udp, Protocol GpBinaryV18, JoinStage: 12 
2023-04-07 19:20:05,203 [20] DEBUG Photon.Hive.HiveGame - ProcessMessage 1
2023-04-07 19:20:05,203 [44] DEBUG Photon.Hive.Caching.RoomCacheBase - Removed room instance reference: roomName=46babee9-0962-4b57-a3ad-2474e97d4f16, referenceCount=1
2023-04-07 19:20:05,204 [20] DEBUG Photon.Hive.Plugin.LeaveGameCallInfo - Continue.
2023-04-07 19:20:05,204 [20] DEBUG Photon.Hive.HiveGame - Clean up actor Actor: 2; Peer:'GameClientPeer: PID: 34, IsConnected: False, IsDisposed: True, Last Activity: Operation 226 at UTC 2023-04-07T12:03:47, in Room '', IP 192.168.0.174:61290, NetworkProtocol Udp, Protocol GpBinaryV18, JoinStage: 12 ', DeactivationTime:'', UserId:'8c68dd74-b38c-495c-aaeb-f4c468a5c062',nick:'Player2863', RemovedFromInactive:01-01-0001 00:00:00 - DeleteCacheOnLeave:
2023-04-07 19:20:05,204 [20] DEBUG Photon.Hive.HiveGame - Actor 2 left. MasterClientId is 3
2023-04-07 19:20:05,205 [20] DEBUG Photon.LoadBalancing.GameServer.GameUpdatesBatcher - Message was sent directly
2023-04-07 19:20:05,205 [20] DEBUG Photon.LoadBalancing.GameServer.MasterServerConnectionBase - Sending event to master. EventCode=3, ConnectionId=6a55cf45-837f-47ca-ae5c-69bb60905d14
2023-04-07 19:20:05,205 [20] DEBUG Photon.Hive.Collections.ActorsManager - Actor removed: 2 8c68dd74-b38c-495c-aaeb-f4c468a5c062 to game: 46babee9-0962-4b57-a3ad-2474e97d4f16 -- peer:GameClientPeer: PID: 34, IsConnected: False, IsDisposed: True, Last Activity: Operation 226 at UTC 2023-04-07T12:03:47, in Room '', IP 192.168.0.174:61290, NetworkProtocol Udp, Protocol GpBinaryV18, JoinStage: 12 
2023-04-07 19:20:06,217 [21] DEBUG Photon.LoadBalancing.GameServer.MasterServerConnectionBase - Sending event to master. EventCode=2, ConnectionId=6a55cf45-837f-47ca-ae5c-69bb60905d14
2023-04-07 19:20:50,594 [20] INFO  Photon.Common.LoadBalancer.LoadShedding.FeedbackController - Transit CpuUsage from Level4 to Level3 with input 38
2023-04-07 19:20:50,595 [20] INFO  Photon.Common.LoadBalancer.LoadShedding.WorkloadController - FeedbackLevel changed: old=Level4, new=Level3
2023-04-07 19:38:20,370 [39] INFO  Photon.Common.LoadBalancer.LoadShedding.FeedbackController - Transit CpuUsage from Level3 to Level4 with input 41
2023-04-07 19:38:20,371 [39] INFO  Photon.Common.LoadBalancer.LoadShedding.WorkloadController - FeedbackLevel changed: old=Level3, new=Level4
2023-04-07 19:40:24,720 [10] INFO  Photon.Common.LoadBalancer.LoadShedding.FeedbackController - Transit CpuUsage from Level4 to Level3 with input 38
2023-04-07 19:40:24,721 [10] INFO  Photon.Common.LoadBalancer.LoadShedding.WorkloadController - FeedbackLevel changed: old=Level4, new=Level3
2023-04-07 19:41:07,171 [10] INFO  Photon.Common.LoadBalancer.LoadShedding.FeedbackController - Transit CpuUsage from Level3 to Level4 with input 41
2023-04-07 19:41:07,172 [10] INFO  Photon.Common.LoadBalancer.LoadShedding.WorkloadController - FeedbackLevel changed: old=Level3, new=Level4
2023-04-07 19:42:52,329 [39] INFO  Photon.Common.LoadBalancer.LoadShedding.FeedbackController - Transit CpuUsage from Level4 to Level3 with input 38
2023-04-07 19:42:52,330 [39] INFO  Photon.Common.LoadBalancer.LoadShedding.WorkloadController - FeedbackLevel changed: old=Level4, new=Level3
2023-04-07 19:45:26,088 [39] INFO  Photon.Common.LoadBalancer.LoadShedding.FeedbackController - Transit CpuUsage from Level3 to Level4 with input 41
2023-04-07 19:45:26,089 [39] INFO  Photon.Common.LoadBalancer.LoadShedding.WorkloadController - FeedbackLevel changed: old=Level3, new=Level4
2023-04-07 19:50:53,811 [21] INFO  Photon.Common.LoadBalancer.LoadShedding.FeedbackController - Transit CpuUsage from Level4 to Level3 with input 38
2023-04-07 19:50:53,812 [21] INFO  Photon.Common.LoadBalancer.LoadShedding.WorkloadController - FeedbackLevel changed: old=Level4, new=Level3
2023-04-07 19:53:15,437 [21] INFO  Photon.Common.LoadBalancer.LoadShedding.FeedbackController - Transit CpuUsage from Level3 to Level4 with input 41
2023-04-07 19:53:15,438 [21] INFO  Photon.Common.LoadBalancer.LoadShedding.WorkloadController - FeedbackLevel changed: old=Level3, new=Level4
2023-04-07 20:06:54,506 [44] INFO  Photon.Common.LoadBalancer.LoadShedding.FeedbackController - Transit CpuUsage from Level4 to Level3 with input 38
2023-04-07 20:06:54,507 [44] INFO  Photon.Common.LoadBalancer.LoadShedding.WorkloadController - FeedbackLevel changed: old=Level4, new=Level3
